C:\USERS\STEPHI\DOCUMENTS\VISUAL STUDIO 2012\PROJECTS\PONG\PONG\DEBUG\PONG.PCH
C:\USERS\STEPHI\DOCUMENTS\VISUAL STUDIO 2012\PROJECTS\PONG\PONG\DEBUG\STDAFX.OBJ
C:\USERS\STEPHI\DOCUMENTS\VISUAL STUDIO 2012\PROJECTS\PONG\PONG\DEBUG\VC110.PDB
C:\USERS\STEPHI\DOCUMENTS\VISUAL STUDIO 2012\PROJECTS\PONG\PONG\DEBUG\GAMEOBJECT.OBJ
C:\USERS\STEPHI\DOCUMENTS\VISUAL STUDIO 2012\PROJECTS\PONG\PONG\DEBUG\PONG.OBJ
C:\USERS\STEPHI\DOCUMENTS\VISUAL STUDIO 2012\PROJECTS\PONG\PONG\DEBUG\PONGCONTROLLER.OBJ
C:\USERS\STEPHI\DOCUMENTS\VISUAL STUDIO 2012\PROJECTS\PONG\PONG\DEBUG\PONGMODEL.OBJ
C:\USERS\STEPHI\DOCUMENTS\VISUAL STUDIO 2012\PROJECTS\PONG\PONG\DEBUG\PONGVIEW.OBJ
C:\USERS\STEPHI\DOCUMENTS\VISUAL STUDIO 2012\PROJECTS\PONG\PONG\DEBUG\RECTFUNCTIONS.OBJ
C:\USERS\STEPHI\DOCUMENTS\VISUAL STUDIO 2012\PROJECTS\PONG\DEBUG\PONG.ILK
C:\USERS\STEPHI\DOCUMENTS\VISUAL STUDIO 2012\PROJECTS\PONG\DEBUG\PONG.EXE
C:\USERS\STEPHI\DOCUMENTS\VISUAL STUDIO 2012\PROJECTS\PONG\DEBUG\PONG.PDB
C:\USERS\STEPHI\DOCUMENTS\VISUAL STUDIO 2012\PROJECTS\PONG\PONG\DEBUG\PONG.RES
C:\Users\Stephi\Documents\Visual Studio 2012\Projects\Pong\Pong\Debug\GameObject.obj
C:\Users\Stephi\Documents\Visual Studio 2012\Projects\Pong\Pong\Debug\Pong.obj
C:\Users\Stephi\Documents\Visual Studio 2012\Projects\Pong\Pong\Debug\PongController.obj
C:\Users\Stephi\Documents\Visual Studio 2012\Projects\Pong\Pong\Debug\PongModel.obj
C:\Users\Stephi\Documents\Visual Studio 2012\Projects\Pong\Pong\Debug\PongView.obj
C:\Users\Stephi\Documents\Visual Studio 2012\Projects\Pong\Pong\Debug\RectFunctions.obj
C:\Users\Stephi\Documents\Visual Studio 2012\Projects\Pong\Pong\Debug\stdafx.obj
C:\Users\Stephi\Documents\Visual Studio 2012\Projects\Pong\Pong\Debug\cl.command.1.tlog
C:\Users\Stephi\Documents\Visual Studio 2012\Projects\Pong\Pong\Debug\CL.read.1.tlog
C:\Users\Stephi\Documents\Visual Studio 2012\Projects\Pong\Pong\Debug\CL.write.1.tlog
C:\Users\Stephi\Documents\Visual Studio 2012\Projects\Pong\Pong\Debug\link-cvtres.read.1.tlog
C:\Users\Stephi\Documents\Visual Studio 2012\Projects\Pong\Pong\Debug\link-cvtres.write.1.tlog
C:\Users\Stephi\Documents\Visual Studio 2012\Projects\Pong\Pong\Debug\link-rc.read.1.tlog
C:\Users\Stephi\Documents\Visual Studio 2012\Projects\Pong\Pong\Debug\link-rc.write.1.tlog
C:\Users\Stephi\Documents\Visual Studio 2012\Projects\Pong\Pong\Debug\link.command.1.tlog
C:\Users\Stephi\Documents\Visual Studio 2012\Projects\Pong\Pong\Debug\link.read.1.tlog
C:\Users\Stephi\Documents\Visual Studio 2012\Projects\Pong\Pong\Debug\link.write.1.tlog
C:\Users\Stephi\Documents\Visual Studio 2012\Projects\Pong\Pong\Debug\rc.command.1.tlog
C:\Users\Stephi\Documents\Visual Studio 2012\Projects\Pong\Pong\Debug\rc.read.1.tlog
C:\Users\Stephi\Documents\Visual Studio 2012\Projects\Pong\Pong\Debug\rc.write.1.tlog
C:\Users\Stephi\Documents\Visual Studio 2012\Projects\Pong\Pong\Debug\Pong.res
C:\Users\Stephi\Documents\Visual Studio 2012\Projects\Pong\Pong\Debug\Pong.pch
C:\Users\Stephi\Documents\Visual Studio 2012\Projects\Pong\Pong\Debug\vc110.idb
C:\Users\Stephi\Documents\Visual Studio 2012\Projects\Pong\Pong\Debug\vc110.pdb
C:\Users\Stephi\Documents\Visual Studio 2012\Projects\Pong\Debug\Pong.pdb
C:\Users\Stephi\Documents\Visual Studio 2012\Projects\Pong\Debug\Pong.exe
C:\Users\Stephi\Documents\Visual Studio 2012\Projects\Pong\Debug\Pong.ilk
